[    0.000000] Linux version 4.15.0-208-generic (buildd@lcy02-amd64-015) (gcc version 7.5.0 (Ubuntu 7.5.0-3ubuntu1~18.04)) #220-Ubuntu SMP Mon Mar 20 14:27:01 UTC 2023 (Ubuntu 4.15.0-208.220-generic 4.15.18)
[    0.000000] Command line: BOOT_IMAGE=/boot/vmlinuz-4.15.0-208-generic root=LABEL=cloudimg-rootfs ro console=tty1 console=ttyS0
[    0.000000] KERNEL supported cpus:
[    0.000000]   Intel GenuineIntel
[    0.000000]   AMD AuthenticAMD
[    0.000000]   Centaur CentaurHauls
[    0.000000] x86/fpu: Supporting XSAVE feature 0x001: 'x87 floating point registers'
[    0.000000] x86/fpu: Supporting XSAVE feature 0x002: 'SSE registers'
[    0.000000] x86/fpu: Supporting XSAVE feature 0x004: 'AVX registers'
[    0.000000] x86/fpu: xstate_offset[2]:  576, xstate_sizes[2]:  256
[    0.000000] x86/fpu: Enabled xstate features 0x7, context size is 832 bytes, using 'standard' format.
[    0.000000] e820: BIOS-provided physical RAM map:
[    0.000000] BIOS-e820: [mem 0x0000000000000000-0x000000000009fbff] usable
[    0.000000] BIOS-e820: [mem 0x000000000009fc00-0x000000000009ffff] reserved
[    0.000000] BIOS-e820: [mem 0x00000000000f0000-0x00000000000fffff] reserved
[    0.000000] BIOS-e820: [mem 0x0000000000100000-0x00000000707effff] usable
[    0.000000] BIOS-e820: [mem 0x00000000707f0000-0x00000000707fffff] ACPI data
[    0.000000] BIOS-e820: [mem 0x00000000fec00000-0x00000000fec00fff] reserved
[    0.000000] BIOS-e820: [mem 0x00000000fee00000-0x00000000fee00fff] reserved
[    0.000000] BIOS-e820: [mem 0x00000000fffc0000-0x00000000ffffffff] reserved
[    0.000000] NX (Execute Disable) protection: active
[    0.000000] SMBIOS 2.5 present.
[    0.000000] DMI: innotek GmbH VirtualBox/VirtualBox, BIOS VirtualBox 12/01/2006
[    0.000000] Hypervisor detected: KVM
[    0.000000] e820: last_pfn = 0x707f0 max_arch_pfn = 0x400000000
[    0.000000] MTRR: Disabled
[    0.000000] x86/PAT: MTRRs disabled, skipping PAT initialization too.
[    0.000000] CPU MTRRs all blank - virtualized system.
[    0.000000] x86/PAT: Configuration [0-7]: WB  WT  UC- UC  WB  WT  UC- UC  
[    0.000000] found SMP MP-table at [mem 0x0009fff0-0x0009ffff]
[    0.000000] Scanning 1 areas for low memory corruption
[    0.000000] RAMDISK: [mem 0x359c9000-0x36cdbfff]
[    0.000000] ACPI: Early table checksum verification disabled
[    0.000000] ACPI: RSDP 0x00000000000E0000 000024 (v02 VBOX  )
[    0.000000] ACPI: XSDT 0x00000000707F0030 00003C (v01 VBOX   VBOXXSDT 00000001 ASL  00000061)
[    0.000000] ACPI: FACP 0x00000000707F00F0 0000F4 (v04 VBOX   VBOXFACP 00000001 ASL  00000061)
[    0.000000] ACPI: DSDT 0x00000000707F0610 002353 (v02 VBOX   VBOXBIOS 00000002 INTL 20200925)
[    0.000000] ACPI: FACS 0x00000000707F0200 000040
[    0.000000] ACPI: FACS 0x00000000707F0200 000040
[    0.000000] ACPI: APIC 0x00000000707F0240 000054 (v02 VBOX   VBOXAPIC 00000001 ASL  00000061)
[    0.000000] ACPI: SSDT 0x00000000707F02A0 00036C (v01 VBOX   VBOXCPUT 00000002 INTL 20200925)
[    0.000000] ACPI: Reserving FACP table memory at [mem 0x707f00f0-0x707f01e3]
[    0.000000] ACPI: Reserving DSDT table memory at [mem 0x707f0610-0x707f2962]
[    0.000000] ACPI: Reserving FACS table memory at [mem 0x707f0200-0x707f023f]
[    0.000000] ACPI: Reserving FACS table memory at [mem 0x707f0200-0x707f023f]
[    0.000000] ACPI: Reserving APIC table memory at [mem 0x707f0240-0x707f0293]
[    0.000000] ACPI: Reserving SSDT table memory at [mem 0x707f02a0-0x707f060b]
[    0.000000] No NUMA configuration found
[    0.000000] Faking a node at [mem 0x0000000000000000-0x00000000707effff]
[    0.000000] NODE_DATA(0) allocated [mem 0x707c5000-0x707effff]
[    0.000000] kvm-clock: cpu 0, msr 0:70744001, primary cpu clock
[    0.000000] kvm-clock: Using msrs 4b564d01 and 4b564d00
[    0.000000] kvm-clock: using sched offset of 3217714646 cycles
[    0.000000] clocksource: kvm-clock: mask: 0xffffffffffffffff max_cycles: 0x1cd42e4dffb, max_idle_ns: 881590591483 ns
[    0.000000] Zone ranges:
[    0.000000]   DMA      [mem 0x0000000000001000-0x0000000000ffffff]
[    0.000000]   DMA32    [mem 0x0000000001000000-0x00000000707effff]
[    0.000000]   Normal   empty
[    0.000000]   Device   empty
[    0.000000] Movable zone start for each node
[    0.000000] Early memory node ranges
[    0.000000]   node   0: [mem 0x0000000000001000-0x000000000009efff]
[    0.000000]   node   0: [mem 0x0000000000100000-0x00000000707effff]
[    0.000000] Reserved but unavailable: 104 pages
[    0.000000] Initmem setup node 0 [mem 0x0000000000001000-0x00000000707effff]
[    0.000000] ACPI: PM-Timer IO Port: 0x4008
[    0.000000] IOAPIC[0]: apic_id 1, version 32, address 0xfec00000, GSI 0-23
[    0.000000] ACPI: INT_SRC_OVR (bus 0 bus_irq 0 global_irq 2 dfl dfl)
[    0.000000] ACPI: INT_SRC_OVR (bus 0 bus_irq 9 global_irq 9 low level)
[    0.000000] Using ACPI (MADT) for SMP configuration information
[    0.000000] smpboot: Allowing 1 CPUs, 0 hotplug CPUs
[    0.000000] PM: Registered nosave memory: [mem 0x00000000-0x00000fff]
[    0.000000] PM: Registered nosave memory: [mem 0x0009f000-0x0009ffff]
[    0.000000] PM: Registered nosave memory: [mem 0x000a0000-0x000effff]
[    0.000000] PM: Registered nosave memory: [mem 0x000f0000-0x000fffff]
[    0.000000] e820: [mem 0x70800000-0xfebfffff] available for PCI devices
[    0.000000] Booting paravirtualized kernel on KVM
[    0.000000] clocksource: refined-jiffies: mask: 0xffffffff max_cycles: 0xffffffff, max_idle_ns: 7645519600211568 ns
[    0.000000] setup_percpu: NR_CPUS:8192 nr_cpumask_bits:1 nr_cpu_ids:1 nr_node_ids:1
[    0.000000] percpu: Embedded 50 pages/cpu s167936 r8192 d28672 u2097152
[    0.000000] PV qspinlock hash table entries: 256 (order: 0, 4096 bytes)
[    0.000000] Built 1 zonelists, mobility grouping on.  Total pages: 453465
[    0.000000] Policy zone: DMA32
[    0.000000] Kernel command line: BOOT_IMAGE=/boot/vmlinuz-4.15.0-208-generic root=LABEL=cloudimg-rootfs ro console=tty1 console=ttyS0
[    0.000000] Memory: 1763128K/1842744K available (12300K kernel code, 2477K rwdata, 4324K rodata, 2480K init, 2720K bss, 79616K reserved, 0K cma-reserved)
[    0.000000] SLUB: HWalign=64, Order=0-3, MinObjects=0, CPUs=1, Nodes=1
[    0.000000] Kernel/User page tables isolation: enabled
[    0.000000] ftrace: allocating 39494 entries in 155 pages
[    0.004000] Hierarchical RCU implementation.
[    0.004000] 	RCU restricting CPUs from NR_CPUS=8192 to nr_cpu_ids=1.
[    0.004000] 	Tasks RCU enabled.
[    0.004000] RCU: Adjusting geometry for rcu_fanout_leaf=16, nr_cpu_ids=1
[    0.004000] NR_IRQS: 524544, nr_irqs: 256, preallocated irqs: 16
[    0.004000] random: crng init done
[    0.004000] Console: colour VGA+ 80x25
[    0.004000] console [tty1] enabled
[    0.004000] console [ttyS0] enabled
[    0.004000] ACPI: Core revision 20170831
[    0.004000] ACPI: 2 ACPI AML tables successfully acquired and loaded
[    0.004000] APIC: Switch to symmetric I/O mode setup
[    0.004000] x2apic enabled
[    0.004000] Switched APIC routing to physical x2apic.
[    0.004000] ..TIMER: vector=0x30 apic1=0 pin1=2 apic2=-1 pin2=-1
[    0.004004] tsc: Detected 2711.998 MHz processor
[    0.004956] Calibrating delay loop (skipped) preset value.. 5423.99 BogoMIPS (lpj=10847992)
[    0.005447] pid_max: default: 32768 minimum: 301
[    0.006303] Security Framework initialized
[    0.008006] Yama: becoming mindful.
[    0.008774] AppArmor: AppArmor initialized
[    0.012168] Dentry cache hash table entries: 262144 (order: 9, 2097152 bytes)
[    0.016063] Inode-cache hash table entries: 131072 (order: 8, 1048576 bytes)
[    0.017738] Mount-cache hash table entries: 4096 (order: 3, 32768 bytes)
[    0.020014] Mountpoint-cache hash table entries: 4096 (order: 3, 32768 bytes)
[    0.021651] process: using mwait in idle threads
[    0.022542] Last level iTLB entries: 4KB 64, 2MB 8, 4MB 8
[    0.024004] Last level dTLB entries: 4KB 64, 2MB 0, 4MB 0, 1GB 4
[    0.025157] Spectre V1 : Mitigation: usercopy/swapgs barriers and __user pointer sanitization
[    0.026773] Spectre V2 : Mitigation: Retpolines
[    0.028002] Spectre V2 : Spectre v2 / SpectreRSB mitigation: Filling RSB on context switch
[    0.029659] Spectre V2 : Spectre v2 / SpectreRSB : Filling RSB on VMEXIT
[    0.032008] RETBleed: WARNING: Spectre v2 mitigation leaves CPU vulnerable to RETBleed attacks, data leaks possible!
[    0.034646] RETBleed: Vulnerable
[    0.035546] Speculative Store Bypass: Vulnerable
[    0.036100] MDS: Mitigation: Clear CPU buffers
[    0.037157] MMIO Stale Data: Mitigation: Clear CPU buffers
[    0.040009] SRBDS: Unknown: Dependent on hypervisor status
[    0.054659] Freeing SMP alternatives memory: 36K
[    0.166607] APIC calibration not consistent with PM-Timer: 98ms instead of 100ms
[    0.167933] APIC delta adjusted to PM-Timer: 6250427 (6148330)
[    0.168055] smpboot: CPU0: Intel(R) Core(TM) i5-7200U CPU @ 2.50GHz (family: 0x6, model: 0x8e, stepping: 0x9)
[    0.169843] Performance Events: unsupported p6 CPU model 142 no PMU driver, software events only.
[    0.171370] Hierarchical SRCU implementation.
[    0.172450] NMI watchdog: Perf event create on CPU 0 failed with -2
[    0.173611] NMI watchdog: Perf NMI watchdog permanently disabled
[    0.174734] smp: Bringing up secondary CPUs ...
[    0.175361] smp: Brought up 1 node, 1 CPU
[    0.175914] smpboot: Max logical packages: 1
[    0.176003] smpboot: Total of 1 processors activated (5423.99 BogoMIPS)
[    0.177028] devtmpfs: initialized
[    0.177555] x86/mm: Memory block size: 128MB
[    0.178355] evm: security.selinux
[    0.178832] evm: security.SMACK64
[    0.179304] evm: security.SMACK64EXEC
[    0.180004] evm: security.SMACK64TRANSMUTE
[    0.180578] evm: security.SMACK64MMAP
[    0.181093] evm: security.apparmor
[    0.181587] evm: security.ima
[    0.182027] evm: security.capability
[    0.182620] clocksource: jiffies: mask: 0xffffffff max_cycles: 0xffffffff, max_idle_ns: 7645041785100000 ns
[    0.184008] futex hash table entries: 256 (order: 2, 16384 bytes)
[    0.184912] pinctrl core: initialized pinctrl subsystem
[    0.185733] RTC time: 10:45:53, date: 05/06/23
[    0.186462] NET: Registered protocol family 16
[    0.188043] audit: initializing netlink subsys (disabled)
[    0.188901] cpuidle: using governor ladder
[    0.189526] cpuidle: using governor menu
[    0.190111] ACPI: bus type PCI registered
[    0.190670] acpiphp: ACPI Hot Plug PCI Controller Driver version: 0.5
[    0.191593] PCI: Using configuration type 1 for base access
[    0.192026] audit: type=2000 audit(1683369958.095:1): state=initialized audit_enabled=0 res=1
[    0.194189] HugeTLB registered 2.00 MiB page size, pre-allocated 0 pages
[    0.195283] ACPI: Added _OSI(Module Device)
[    0.196004] ACPI: Added _OSI(Processor Device)
[    0.196642] ACPI: Added _OSI(3.0 _SCP Extensions)
[    0.197298] ACPI: Added _OSI(Processor Aggregator Device)
[    0.198061] ACPI: Added _OSI(Linux-Dell-Video)
[    0.198676] ACPI: Added _OSI(Linux-Lenovo-NV-HDMI-Audio)
[    0.199391] ACPI: Added _OSI(Linux-HPI-Hybrid-Graphics)
[    0.200257] ACPI: Executed 1 blocks of module-level executable AML code
[    0.205035] ACPI: Interpreter enabled
[    0.205737] ACPI: (supports S0 S5)
[    0.206346] ACPI: Using IOAPIC for interrupt routing
[    0.207419] PCI: Using host bridge windows from ACPI; if necessary, use "pci=nocrs" and report a bug
[    0.208154] ACPI: Enabled 2 GPEs in block 00 to 07
[    0.216413] ACPI: PCI Root Bridge [PCI0] (domain 0000 [bus 00-ff])
[    0.217608] acpi PNP0A03:00: _OSC: OS supports [ASPM ClockPM Segments MSI]
[    0.219232] acpi PNP0A03:00: _OSC: not requesting OS control; OS requires [ExtendedConfig ASPM ClockPM MSI]
[    0.220027] acpi PNP0A03:00: fail to add MMCONFIG information, can't access extended PCI configuration space under this bridge.
[    0.224075] PCI host bridge to bus 0000:00
[    0.224875] pci_bus 0000:00: root bus resource [io  0x0000-0x0cf7 window]
[    0.226043] pci_bus 0000:00: root bus resource [io  0x0d00-0xffff window]
[    0.227251] pci_bus 0000:00: root bus resource [mem 0x000a0000-0x000bffff window]
[    0.228006] pci_bus 0000:00: root bus resource [mem 0x70800000-0xfdffffff window]
[    0.229331] pci_bus 0000:00: root bus resource [bus 00-ff]
[    0.232318] pci 0000:00:01.1: legacy IDE quirk: reg 0x10: [io  0x01f0-0x01f7]
[    0.233536] pci 0000:00:01.1: legacy IDE quirk: reg 0x14: [io  0x03f6]
[    0.234694] pci 0000:00:01.1: legacy IDE quirk: reg 0x18: [io  0x0170-0x0177]
[    0.235904] pci 0000:00:01.1: legacy IDE quirk: reg 0x1c: [io  0x0376]
[    0.263313] pci 0000:00:07.0: quirk: [io  0x4000-0x403f] claimed by PIIX4 ACPI
[    0.264014] pci 0000:00:07.0: quirk: [io  0x4100-0x410f] claimed by PIIX4 SMB
[    0.285429] ACPI: PCI Interrupt Link [LNKA] (IRQs 5 9 10 *11)
[    0.286788] ACPI: PCI Interrupt Link [LNKB] (IRQs 5 9 *10 11)
[    0.288099] ACPI: PCI Interrupt Link [LNKC] (IRQs 5 *9 10 11)
[    0.289239] ACPI: PCI Interrupt Link [LNKD] (IRQs 5 9 10 *11)
[    0.290566] SCSI subsystem initialized
[    0.291368] pci 0000:00:02.0: vgaarb: setting as boot VGA device
[    0.292000] pci 0000:00:02.0: vgaarb: VGA device added: decodes=io+mem,owns=io+mem,locks=none
[    0.292004] pci 0000:00:02.0: vgaarb: bridge control possible
[    0.293064] vgaarb: loaded
[    0.296024] ACPI: bus type USB registered
[    0.296787] usbcore: registered new interface driver usbfs
[    0.297794] usbcore: registered new interface driver hub
[    0.298754] usbcore: registered new device driver usb
[    0.300051] EDAC MC: Ver: 3.0.0
[    0.300859] PCI: Using ACPI for IRQ routing
[    0.301824] NetLabel: Initializing
[    0.302455] NetLabel:  domain hash size = 128
[    0.303217] NetLabel:  protocols = UNLABELED CIPSOv4 CALIPSO
[    0.304035] NetLabel:  unlabeled traffic allowed by default
[    0.305137] clocksource: Switched to clocksource kvm-clock
[    0.319321] VFS: Disk quotas dquot_6.6.0
[    0.320016] VFS: Dquot-cache hash table entries: 512 (order 0, 4096 bytes)
[    0.321061] AppArmor: AppArmor Filesystem Enabled
[    0.321801] pnp: PnP ACPI init
[    0.323139] pnp: PnP ACPI: found 3 devices
[    0.329092] clocksource: acpi_pm: mask: 0xffffff max_cycles: 0xffffff, max_idle_ns: 2085701024 ns
[    0.330511] NET: Registered protocol family 2
[    0.331180] IP idents hash table entries: 32768 (order: 6, 262144 bytes)
[    0.332609] TCP established hash table entries: 16384 (order: 5, 131072 bytes)
[    0.334169] TCP bind hash table entries: 16384 (order: 6, 262144 bytes)
[    0.335124] TCP: Hash tables configured (established 16384 bind 16384)
[    0.336174] UDP hash table entries: 1024 (order: 3, 32768 bytes)
[    0.336213] UDP-Lite hash table entries: 1024 (order: 3, 32768 bytes)
[    0.336213] NET: Registered protocol family 1
[    0.336213] pci 0000:00:00.0: Limiting direct PCI/PCI transfers
[    0.339449] pci 0000:00:01.0: Activating ISA DMA hang workarounds
[    0.340482] pci 0000:00:02.0: Video device with shadowed ROM at [mem 0x000c0000-0x000dffff]
[    0.341815] Unpacking initramfs...
[    0.636489] Freeing initrd memory: 19532K
[    0.644438] clocksource: tsc: mask: 0xffffffffffffffff max_cycles: 0x27178451938, max_idle_ns: 440795251172 ns
[    0.645957] platform rtc_cmos: registered platform RTC device (no PNP device found)
[    0.647123] Scanning for low memory corruption every 60 seconds
[    0.648371] Initialise system trusted keyrings
[    0.649120] Key type blacklist registered
[    0.649743] workingset: timestamp_bits=36 max_order=19 bucket_order=0
[    0.651419] zbud: loaded
[    0.652270] squashfs: version 4.0 (2009/01/31) Phillip Lougher
[    0.654332] fuse init (API version 7.26)
[    0.655594] Key type asymmetric registered
[    0.656334] Asymmetric key parser 'x509' registered
[    0.657054] Block layer SCSI generic (bsg) driver version 0.4 loaded (major 246)
[    0.658140] io scheduler noop registered
[    0.658774] io scheduler deadline registered
[    0.659452] io scheduler cfq registered (default)
[    0.660381] ACPI: AC Adapter [AC] (off-line)
[    0.661096] input: Power Button as /devices/LNXSYSTM:00/LNXPWRBN:00/input/input0
[    0.665605] ACPI: Power Button [PWRF]
[    0.666288] input: Sleep Button as /devices/LNXSYSTM:00/LNXSLPBN:00/input/input1
[    0.667524] ACPI: Sleep Button [SLPF]
[    0.668984] ACPI: Battery Slot [BAT0] (battery present)
[    0.671746] Serial: 8250/16550 driver, 32 ports, IRQ sharing enabled
[    0.693255] 00:02: ttyS0 at I/O 0x3f8 (irq = 4, base_baud = 115200) is a 16550A
[    0.695294] Linux agpgart interface v0.103
[    0.696699] loop: module loaded
[    0.697617] scsi host0: ata_piix
[    0.698200] scsi host1: ata_piix
[    0.698706] ata1: PATA max UDMA/33 cmd 0x1f0 ctl 0x3f6 bmdma 0xd000 irq 14
[    0.699709] ata2: PATA max UDMA/33 cmd 0x170 ctl 0x376 bmdma 0xd008 irq 15
[    0.700858] tun: Universal TUN/TAP device driver, 1.6
[    0.701636] PPP generic driver version 2.4.2
[    0.702300] ehci_hcd: USB 2.0 'Enhanced' Host Controller (EHCI) Driver
[    0.703181] ehci-pci: EHCI PCI platform driver
[    0.703840] ehci-platform: EHCI generic platform driver
[    0.704723] ohci_hcd: USB 1.1 'Open' Host Controller (OHCI) Driver
[    0.705587] ohci-pci: OHCI PCI platform driver
[    0.706213] ohci-platform: OHCI generic platform driver
[    0.706941] uhci_hcd: USB Universal Host Controller Interface driver
[    0.707832] i8042: PNP: PS/2 Controller [PNP0303:PS2K,PNP0f03:PS2M] at 0x60,0x64 irq 1,12
[    0.709381] serio: i8042 KBD port at 0x60,0x64 irq 1
[    0.710146] serio: i8042 AUX port at 0x60,0x64 irq 12
[    0.710932] mousedev: PS/2 mouse device common for all mice
[    0.711906] input: AT Translated Set 2 keyboard as /devices/platform/i8042/serio0/input/input2
[    0.713431] rtc_cmos rtc_cmos: rtc core: registered rtc_cmos as rtc0
[    0.714354] rtc_cmos rtc_cmos: alarms up to one day, 114 bytes nvram
[    0.715277] i2c /dev entries driver
[    0.715852] device-mapper: uevent: version 1.0.3
[    0.716590] device-mapper: ioctl: 4.37.0-ioctl (2017-09-20) initialised: dm-devel@redhat.com
[    0.717798] ledtrig-cpu: registered to indicate activity on CPUs
[    0.718890] intel_pmc_core:  initialized
[    0.719654] NET: Registered protocol family 10
[    0.723023] Segment Routing with IPv6
[    0.723668] NET: Registered protocol family 17
[    0.724357] Key type dns_resolver registered
[    0.725061] mce: Using 0 MCE banks
[    0.725707] RAS: Correctable Errors collector initialized.
[    0.726487] sched_clock: Marking stable (724314448, 0)->(921081023, -196766575)
[    0.727639] registered taskstats version 1
[    0.728294] Loading compiled-in X.509 certificates
[    0.730632] Loaded X.509 cert 'Build time autogenerated kernel key: 05d3fa630a0ed8a65520e390196b077fd5e65720'
[    0.732698] Loaded X.509 cert 'Canonical Ltd. Live Patch Signing: 14df34d1a87cf37625abec039ef2bf521249b969'
[    0.734521] Loaded X.509 cert 'Canonical Ltd. Kernel Module Signing: 88f752e560a1e0737e31163a466ad7b70a850c19'
[    0.735888] blacklist: Loading compiled-in revocation X.509 certificates
[    0.736839] Loaded X.509 cert 'Canonical Ltd. Secure Boot Signing: 61482aa2830d0ab2ad5af10b7250da9033ddcef0'
[    0.738141] Loaded X.509 cert 'Canonical Ltd. Secure Boot Signing (2017): 242ade75ac4a15e50d50c84b0d45ff3eae707a03'
[    0.739661] Loaded X.509 cert 'Canonical Ltd. Secure Boot Signing (ESM 2018): 365188c1d374d6b07c3c8f240f8ef722433d6a8b'
[    0.741273] Loaded X.509 cert 'Canonical Ltd. Secure Boot Signing (2019): c0746fd6c5da3ae827864651ad66ae47fe24b3e8'
[    0.742727] Loaded X.509 cert 'Canonical Ltd. Secure Boot Signing (2021 v1): a8d54bbb3825cfb94fa13c9f8a594a195c107b8d'
[    0.744175] Loaded X.509 cert 'Canonical Ltd. Secure Boot Signing (2021 v2): 4cf046892d6fd3c9a5b03f98d845f90851dc6a8c'
[    0.745667] Loaded X.509 cert 'Canonical Ltd. Secure Boot Signing (2021 v3): 100437bb6de6e469b581e61cd66bce3ef4ed53af'
[    0.747108] Loaded X.509 cert 'Canonical Ltd. Secure Boot Signing (Ubuntu Core 2019): c1d57b8f6b743f23ee41f4f7ee292f06eecadfb9'
[    0.748730] zswap: loaded using pool lzo/zbud
[    0.751635] Key type big_key registered
[    0.752329] Key type trusted registered
[    0.753980] Key type encrypted registered
[    0.754641] AppArmor: AppArmor sha1 policy hashing enabled
[    0.755384] ima: No TPM chip found, activating TPM-bypass! (rc=-19)
[    0.756312] ima: Allocated hash algorithm: sha1
[    0.756991] evm: HMAC attrs: 0x1
[    0.757669]   Magic number: 7:738:779
[    0.758319] rtc_cmos rtc_cmos: setting system clock to 2023-05-06 10:45:54 UTC (1683369954)
[    0.759581] BIOS EDD facility v0.16 2004-Jun-25, 0 devices found
[    0.760498] EDD information not available.
[    0.893718] Freeing unused kernel image memory: 2480K
[    0.900043] Write protecting the kernel read-only data: 20480k
[    0.901997] Freeing unused kernel image memory: 2008K
[    0.903561] Freeing unused kernel image memory: 1820K
[    0.912058] x86/mm: Checked W+X mappings: passed, no W+X pages found.
[    0.913323] x86/mm: Checking user space page tables
[    0.921216] x86/mm: Checked W+X mappings: passed, no W+X pages found.
Loading, please wait...
starting version 237
[    1.010554] Fusion MPT base driver 3.04.20
[    1.011246] Copyright (c) 1999-2008 LSI Corporation
[    1.015573] Fusion MPT SPI Host driver 3.04.20
[    1.044393] mptbase: ioc0: Initiating bringup
[    1.052852] AVX2 version of gcm_enc/dec engaged.
[    1.053615] AES CTR mode by8 optimization enabled
[    1.074930] virtio_net virtio0 enp0s3: renamed from eth0
[    1.076636] virtio_net virtio1 enp0s8: renamed from eth1
[    1.152550] ioc0: LSI53C1030 A0: Capabilities={Initiator}
[    1.223886] input: ImExPS/2 Generic Explorer Mouse as /devices/platform/i8042/serio1/input/input4
[    1.399290] scsi host2: ioc0: LSI53C1030 A0, FwRev=00000000h, Ports=1, MaxQ=256, IRQ=20
[    1.569193] scsi 2:0:0:0: Direct-Access     VBOX     HARDDISK         1.0  PQ: 0 ANSI: 5
[    1.574586] scsi target2:0:0: Beginning Domain Validation
[    1.579821] scsi target2:0:0: Domain Validation skipping write tests
[    1.583988] scsi target2:0:0: Ending Domain Validation
[    1.587302] scsi target2:0:0: asynchronous
[    1.590871] scsi 2:0:1:0: Direct-Access     VBOX     HARDDISK         1.0  PQ: 0 ANSI: 5
[    1.595716] scsi target2:0:1: Beginning Domain Validation
[    1.600475] scsi target2:0:1: Domain Validation skipping write tests
[    1.603405] scsi target2:0:1: Ending Domain Validation
[    1.605167] scsi target2:0:1: asynchronous
[    1.607088] scsi 2:0:2:0: Direct-Access     VBOX     HARDDISK         1.0  PQ: 0 ANSI: 5
[    1.609399] scsi target2:0:2: Beginning Domain Validation
[    1.611775] scsi target2:0:2: Domain Validation skipping write tests
[    1.613438] scsi target2:0:2: Ending Domain Validation
[    1.614668] scsi target2:0:2: asynchronous
[    1.619201] sd 2:0:0:0: [sda] 83886080 512-byte logical blocks: (42.9 GB/40.0 GiB)
[    1.620668] sd 2:0:0:0: [sda] Write Protect is off
[    1.621665] sd 2:0:0:0: [sda] Incomplete mode parameter data
[    1.622674] sd 2:0:0:0: [sda] Assuming drive cache: write through
[    1.623730] sd 2:0:0:0: Attached scsi generic sg0 type 0
[    1.625090] sd 2:0:1:0: [sdb] 20480 512-byte logical blocks: (10.5 MB/10.0 MiB)
[    1.626213] sd 2:0:1:0: [sdb] Write Protect is off
[    1.627165] sd 2:0:1:0: [sdb] Incomplete mode parameter data
[    1.628127] sd 2:0:1:0: [sdb] Assuming drive cache: write through
[    1.629314] sd 2:0:1:0: Attached scsi generic sg1 type 0
[    1.631336]  sda: sda1
[    1.632208] sd 2:0:2:0: Attached scsi generic sg2 type 0
[    1.633295] sd 2:0:0:0: [sda] Attached SCSI disk
[    1.634537] sd 2:0:2:0: [sdc] 62914560 512-byte logical blocks: (32.2 GB/30.0 GiB)
[    1.635702] sd 2:0:2:0: [sdc] Write Protect is off
[    1.636608] sd 2:0:2:0: [sdc] Incomplete mode parameter data
[    1.637444] sd 2:0:2:0: [sdc] Assuming drive cache: write through
[    1.638287] sd 2:0:1:0: [sdb] Attached SCSI disk
[    1.640347] sd 2:0:2:0: [sdc] Attached SCSI disk
Begin: Loading essential drivers ... [    3.072111] raid6: sse2x1   gen() 11524 MB/s
[    3.138653] raid6: sse2x1   xor()  8296 MB/s
[    3.201966] raid6: sse2x2   gen() 14041 MB/s
[    3.266125] raid6: sse2x2   xor()  9525 MB/s
[    3.324614] raid6: sse2x4   gen() 14142 MB/s
[    3.390175] raid6: sse2x4   xor()  8621 MB/s
[    3.453603] raid6: avx2x1   gen() 22902 MB/s
[    3.513649] raid6: avx2x1   xor() 16072 MB/s
[    3.575417] raid6: avx2x2   gen() 25679 MB/s
[    3.627462] raid6: avx2x2   xor() 17467 MB/s
[    3.691486] raid6: avx2x4   gen() 31615 MB/s
[    3.754960] raid6: avx2x4   xor() 18719 MB/s
[    3.755657] raid6: using algorithm avx2x4 gen() 31615 MB/s
[    3.756435] raid6: .... xor() 18719 MB/s, rmw enabled
[    3.757153] raid6: using avx2x2 recovery algorithm
[    3.759353] xor: automatically using best checksumming function   avx       
[    3.761717] async_tx: api initialized (async)
done.
Begin: Running /scripts/init-premount ... done.
Begin: Mounting root file system ... Begin: Running /scripts/local-top ... done.
Begin: Running /scripts/local-premount ... [    3.814282] Btrfs loaded, crc32c=crc32c-intel
Scanning for Btrfs filesystems
done.
Warning: fsck not present, so skipping root file system
[    3.850636] EXT4-fs (sda1): mounted filesystem with ordered data mode. Opts: (null)
done.
Begin: Running /scripts/local-bottom ... done.
Begin: Running /scripts/init-bottom ... done.
[    4.048175] ip_tables: (C) 2000-2006 Netfilter Core Team
[    4.057800] systemd[1]: systemd 237 running in system mode. (+PAM +AUDIT +SELINUX +IMA +APPARMOR +SMACK +SYSVINIT +UTMP +LIBCRYPTSETUP +GCRYPT +GNUTLS +ACL +XZ +LZ4 +SECCOMP +BLKID +ELFUTILS +KMOD -IDN2 +IDN -PCRE2 default-hierarchy=hybrid)
[    4.061483] systemd[1]: Detected virtualization oracle.
[    4.062298] systemd[1]: Detected architecture x86-64.

Welcome to [1mUbuntu 18.04.6 LTS[0m!

[    4.076596] systemd[1]: Set hostname to <ubuntu>.
[    4.079712] systemd[1]: Initializing machine ID from random generator.
[    4.080947] systemd[1]: Installed transient /etc/machine-id file.
[    4.332206] systemd[1]: Created slice System Slice.
[[0;32m  OK  [0m] Created slice System Slice.
[    4.333531] systemd[1]: Listening on Network Service Netlink Socket.
[[0;32m  OK  [0m] Listening on Network Service Netlink Socket.
[    4.334943] systemd[1]: Started Forward Password Requests to Wall Directory Watch.
[[0;32m  OK  [0m] Started Forward Password Requests to Wall Directory Watch.
[    4.336733] systemd[1]: Listening on LVM2 metadata daemon socket.
[[0;32m  OK  [0m] Listening on LVM2 metadata daemon socket.
[[0;32m  OK  [0m] Listening on fsck to fsckd communication Socket.
[[0;32m  OK  [0m] Listening on /dev/initctl Compatibility Named Pipe.
[[0;32m  OK  [0m] Listening on Journal Socket.
         Starting Create list of required st…ce nodes for the current kernel...
[[0;32m  OK  [0m] Listening on Device-mapper event daemon FIFOs.
         Starting Monitoring of LVM2 mirrors…ng dmeventd or progress polling...
         Mounting Huge Pages File System...
         Starting Load Kernel Modules...
[[0;32m  OK  [0m] Listening on udev Control Socket.
         Mounting Kernel Debug File System...
[[0;32m  OK  [0m] Reached target Mounting snaps.
[[0;32m  OK  [0m] Reached target User and Group Name Lookups.
[[0;32m  OK  [0m] Reached target Mounted snaps.
[[0;32m  OK  [0m] Reached target System Time Synchronized.
[[0;32m  OK  [0m] Listening on Syslog Socket.
[[0;32m  OK  [0m] Listening on LVM2 poll daemon socket.
         Starting Set the console keyboard layout...
[[0;32m  OK  [0m] Created slice system-serial\x2dgetty.slice.
[    4.396453] Loading iSCSI transport class v2.0-870.
[[0;32m  OK  [0m] Listening on udev Kernel Socket.
         Starting udev Coldplug all Devices...
[[0;32m  OK  [0m] Created slice User and Session Slice.
[[0;32m  OK  [0m] Set up automount Arbitrary Executab…rmats File System Automount Point.
         Starting Uncomplicated firewall...
[    4.431289] iscsi: registered transport (tcp)
[    4.453753] iscsi: registered transport (iser)
[[0;32m  OK  [0m] Reached target Swap.
         Mounting POSIX Message Queue File System...
[[0;32m  OK  [0m] Listening on Journal Audit Socket.
         Starting File System Check on Root Device...
[[0;32m  OK  [0m] Reached target Slices.
[[0;32m  OK  [0m] Listening on Journal Socket (/dev/log).
         Starting Journal Service...
[[0;32m  OK  [0m] Started Create list of required sta…vice nodes for the current kernel.
[[0;32m  OK  [0m] Mounted Huge Pages File System.
[[0;32m  OK  [0m] Started Load Kernel Modules.
[[0;32m  OK  [0m] Mounted Kernel Debug File System.
[[0;32m  OK  [0m] Started Uncomplicated firewall.
[[0;32m  OK  [0m] Mounted POSIX Message Queue File System.
[[0;32m  OK  [0m] Started File System Check Daemon to report status.
[[0;32m  OK  [0m] Started LVM2 metadata daemon.
         Mounting FUSE Control File System...
         Starting Apply Kernel Variables...
         Mounting Kernel Configuration File System...
         Starting Create Static Device Nodes in /dev...
[[0;32m  OK  [0m] Mounted FUSE Control File System.
[[0;32m  OK  [0m] Mounted Kernel Configuration File System.
[[0;32m  OK  [0m] Started udev Coldplug all Devices.
[[0;32m  OK  [0m] Started Create Static Device Nodes in /dev.
[[0;32m  OK  [0m] Started Journal Service.
[[0;32m  OK  [0m] Started File System Check on Root Device.
         Starting Remount Root and Kernel File Systems...
[[0;32m  OK  [0m] Started Apply Kernel Variables.
[[0;32m  OK  [0m] Started Monitoring of LVM2 mirrors,…sing dmeventd or progress polling.
[[0;32m  OK  [0m] Started Remount Root and Kernel File Systems.
         Starting Flush Journal to Persistent Storage...
         Starting Load/Save Random Seed...
         Starting udev Kernel Device Manager...
[[0;32m  OK  [0m] Started Set the console keyboard layout.
[[0;32m  OK  [0m] Reached target Local File Systems (Pre).
[[0;32m  OK  [0m] Reached target Local File Systems.
         Starting Set console font and keymap...
         Starting Commit a transient machine-id on disk...
         Starting Tell Plymouth To Write Out Runtime Data...
         Starting AppArmor initialization...
         Starting ebtables ruleset management...
[[0;32m  OK  [0m] Started Load/Save Random Seed.
[[0;32m  OK  [0m] Started udev Kernel Device Manager.
[[0;32m  OK  [0m] Started Dispatch Password Requests to Console Directory Watch.
[[0;32m  OK  [0m] Reached target Local Encrypted Volumes.
[[0;32m  OK  [0m] Started Set console font and keymap.
[[0;32m  OK  [0m] Started Tell Plymouth To Write Out Runtime Data.
[[0;32m  OK  [0m] Started Commit a transient machine-id on disk.
[[0;32m  OK  [0m] Started Flush Journal to Persistent Storage.
         Starting Create Volatile Files and Directories...
[[0;32m  OK  [0m] Started Create Volatile Files and Directories.
         Starting Update UTMP about System Boot/Shutdown...
[[0;32m  OK  [0m] Started Update UTMP about System Boot/Shutdown.
[[0;32m  OK  [0m] Started ebtables ruleset management.
[[0;32m  OK  [0m] Found device /dev/ttyS0.
[[0;32m  OK  [0m] Listening on Load/Save RF Kill Switch Status /dev/rfkill Watch.
         Mounting Arbitrary Executable File Formats File System...
[[0;32m  OK  [0m] Mounted Arbitrary Executable File Formats File System.
[[0;32m  OK  [0m] Started AppArmor initialization.
         Starting Load AppArmor profiles managed internally by snapd...
         Starting Initial cloud-init job (pre-networking)...
[[0;32m  OK  [0m] Started Load AppArmor profiles managed internally by snapd.
[    7.692284] cloud-init[581]: Cloud-init v. 23.1.1-0ubuntu0~18.04.1 running 'init-local' at Sat, 06 May 2023 10:46:00 +0000. Up 7.24 seconds.
[[0;32m  OK  [0m] Started Initial cloud-init job (pre-networking).
[[0;32m  OK  [0m] Reached target Network (Pre).
         Starting Network Service...
[[0;32m  OK  [0m] Started Network Service.
         Starting Wait for Network to be Configured...
         Starting Network Name Resolution...
[[0;32m  OK  [0m] Started Network Name Resolution.
[[0;32m  OK  [0m] Reached target Host and Network Name Lookups.
[[0;32m  OK  [0m] Reached target Network.
[[0;32m  OK  [0m] Started Wait for Network to be Configured.
         Starting Initial cloud-init job (metadata service crawler)...
[   10.345025] cloud-init[707]: Cloud-init v. 23.1.1-0ubuntu0~18.04.1 running 'init' at Sat, 06 May 2023 10:46:03 +0000. Up 10.21 seconds.
[   10.347836] cloud-init[707]: ci-info: ++++++++++++++++++++++++++++++++++++++Net device info+++++++++++++++++++++++++++++++++++++++
[   10.351225] cloud-init[707]: ci-info: +--------+-------+----------------------------+---------------+--------+-------------------+
[   10.353815] cloud-init[707]: ci-info: | Device |   Up  |          Address           |      Mask     | Scope  |     Hw-Address    |
[   10.356162] cloud-init[707]: ci-info: +--------+-------+----------------------------+---------------+--------+-------------------+
[   10.358940] cloud-init[707]: ci-info: | enp0s3 |  True |         10.0.2.15          | 255.255.255.0 | global | 02:e1:6b:97:21:6b |
[   10.362756] cloud-init[707]: ci-info: | enp0s3 |  True | fe80::e1:6bff:fe97:216b/64 |       .       |  link  | 02:e1:6b:97:21:6b |
[   10.366284] cloud-init[707]: ci-info: | enp0s8 | False |             .              |       .       |   .    | 08:00:27:8f:36:55 |
[   10.367385] cloud-init[707]: ci-info: |   lo   |  True |         127.0.0.1          |   255.0.0.0   |  host  |         .         |
[   10.368529] cloud-init[707]: ci-info: |   lo   |  True |          ::1/128           |       .       |  host  |         .         |
[   10.369599] cloud-init[707]: ci-info: +--------+-------+----------------------------+---------------+--------+-------------------+
[   10.370688] cloud-init[707]: ci-info: ++++++++++++++++++++++++++++Route IPv4 info+++++++++++++++++++++++++++++
[   10.371547] cloud-init[707]: ci-info: +-------+-------------+----------+-----------------+-----------+-------+
[   10.372547] cloud-init[707]: ci-info: | Route | Destination | Gateway  |     Genmask     | Interface | Flags |
[   10.373481] cloud-init[707]: ci-info: +-------+-------------+----------+-----------------+-----------+-------+
[   10.374418] cloud-init[707]: ci-info: |   0   |   0.0.0.0   | 10.0.2.2 |     0.0.0.0     |   enp0s3  |   UG  |
[   10.375364] cloud-init[707]: ci-info: |   1   |   10.0.2.0  | 0.0.0.0  |  255.255.255.0  |   enp0s3  |   U   |
[   10.376218] cloud-init[707]: ci-info: |   2   |   10.0.2.2  | 0.0.0.0  | 255.255.255.255 |   enp0s3  |   UH  |
[   10.377221] cloud-init[707]: ci-info: +-------+-------------+----------+-----------------+-----------+-------+
[   10.378194] cloud-init[707]: ci-info: +++++++++++++++++++Route IPv6 info+++++++++++++++++++
[   10.379052] cloud-init[707]: ci-info: +-------+-------------+---------+-----------+-------+
[   10.379926] cloud-init[707]: ci-info: | Route | Destination | Gateway | Interface | Flags |
[   10.380729] cloud-init[707]: ci-info: +-------+-------------+---------+-----------+-------+
[   10.381596] cloud-init[707]: ci-info: |   1   |  fe80::/64  |    ::   |   enp0s3  |   U   |
[   10.388220] cloud-init[707]: ci-info: |   3   |    local    |    ::   |   enp0s3  |   U   |
[   10.389249] cloud-init[707]: ci-info: |   4   |   ff00::/8  |    ::   |   enp0s3  |   U   |
[   10.390596] cloud-init[707]: ci-info: +-------+-------------+---------+-----------+-------+
[   11.159637] cloud-init[707]: Generating public/private rsa key pair.
[   11.160572] cloud-init[707]: Your identification has been saved in /etc/ssh/ssh_host_rsa_key.
[   11.161643] cloud-init[707]: Your public key has been saved in /etc/ssh/ssh_host_rsa_key.pub.
[   11.164203] cloud-init[707]: The key fingerprint is:
[   11.164882] cloud-init[707]: SHA256:ykCZwIsbRYyDXuoBlbAw/9RP/QDqQ4jcZWtuj7E7cmY root@ubuntu-bionic
[   11.168193] cloud-init[707]: The key's randomart image is:
[   11.168909] cloud-init[707]: +---[RSA 2048]----+
[   11.169588] cloud-init[707]: |=B+.  o .        |
[   11.172187] cloud-init[707]: |*=== B o o       |
[   11.172824] cloud-init[707]: |++*.B * . o      |
[   11.178871] cloud-init[707]: |o+.+ = o   o     |
[   11.179499] cloud-init[707]: |.o. o * S   .    |
[   11.180187] cloud-init[707]: |..   + B         |
[   11.180850] cloud-init[707]: |      = .        |
[   11.181519] cloud-init[707]: |    . E.         |
[   11.182180] cloud-init[707]: |     =..         |
[   11.182830] cloud-init[707]: +----[SHA256]-----+
[   11.183487] cloud-init[707]: Generating public/private dsa key pair.
[   11.200207] cloud-init[707]: Your identification has been saved in /etc/ssh/ssh_host_dsa_key.
[   11.201286] cloud-init[707]: Your public key has been saved in /etc/ssh/ssh_host_dsa_key.pub.
[   11.202418] cloud-init[707]: The key fingerprint is:
[   11.203161] cloud-init[707]: SHA256:8LznyoauW8PTKW3AzPabvA47rlzcubMFVt7peSQURLc root@ubuntu-bionic
[   11.204304] cloud-init[707]: The key's randomart image is:
[   11.205030] cloud-init[707]: +---[DSA 1024]----+
[   11.205676] cloud-init[707]: |           o+ .  |
[   11.206328] cloud-init[707]: |             o . |
[   11.206987] cloud-init[707]: |      .   . . E  |
[   11.207638] cloud-init[707]: |     + + o o .   |
[   11.208317] cloud-init[707]: |      * S . + .  |
[   11.208986] cloud-init[707]: |     + B = . +   |
[   11.209642] cloud-init[707]: |      X.X o o .  |
[   11.210302] cloud-init[707]: |   . ooXoB   .   |
[   11.210985] cloud-init[707]: |    =*++@=.      |
[   11.211639] cloud-init[707]: +----[SHA256]-----+
[   11.212356] cloud-init[707]: Generating public/private ecdsa key pair.
[   11.213207] cloud-init[707]: Your identification has been saved in /etc/ssh/ssh_host_ecdsa_key.
[   11.214260] cloud-init[707]: Your public key has been saved in /etc/ssh/ssh_host_ecdsa_key.pub.
[   11.215338] cloud-init[707]: The key fingerprint is:
[   11.231942] cloud-init[707]: SHA256:5Fh46wz46YjtMplz7GYbcT0QOxsLWQHLt5SDjewyf1I root@ubuntu-bionic
[   11.233052] cloud-init[707]: The key's randomart image is:
[   11.233847] cloud-init[707]: +---[ECDSA 256]---+
[   11.234563] cloud-init[707]: |    ..+.         |
[   11.235265] cloud-init[707]: |   o B =         |
[   11.235956] cloud-init[707]: |    O % +        |
[   11.236619] cloud-init[707]: |   . = / .       |
[   11.237271] cloud-init[707]: |  o + E S        |
[   11.237919] cloud-init[707]: |   + = = .       |
[   11.238564] cloud-init[707]: |   ++ + o        |
[   11.239223] cloud-init[707]: |  *o=*           |
[   11.239872] cloud-init[707]: |  .X*..          |
[   11.240543] cloud-init[707]: +----[SHA256]-----+
[   11.241199] cloud-init[707]: Generating public/private ed25519 key pair.
[   11.242103] cloud-init[707]: Your identification has been saved in /etc/ssh/ssh_host_ed25519_key.
[   11.243194] cloud-init[707]: Your public key has been saved in /etc/ssh/ssh_host_ed25519_key.pub.
[   11.244324] cloud-init[707]: The key fingerprint is:
[   11.244973] cloud-init[707]: SHA256:nd2yfrd1W8fH108gtsnEsesilfZuYxrSmNvFKo7WfJo root@ubuntu-bionic
[   11.246048] cloud-init[707]: The key's randomart image is:
[   11.246779] cloud-init[707]: +--[ED25519 256]--+
[   11.247434] cloud-init[707]: |                 |
[   11.255636] cloud-init[707]: |                 |
[   11.256434] cloud-init[707]: |            .    |
[   11.257117] cloud-init[707]: |         . + +   |
[   11.257820] cloud-init[707]: |        S o.O o  |
[   11.258504] cloud-init[707]: |         ++= B +.|
[   11.259205] cloud-init[707]: |       o+oo.O   %|
[   11.259917] cloud-init[707]: |      ..==o*= ..@|
[   11.260669] cloud-init[707]: |     ...E=+*+o +o|
[   11.261347] cloud-init[707]: +----[SHA256]-----+
[[0;32m  OK  [0m] Started Initial cloud-init job (metadata service crawler).
[[0;32m  OK  [0m] Reached target Network is Online.
[[0;32m  OK  [0m] Reached target Remote File Systems (Pre).
[[0;32m  OK  [0m] Reached target Remote File Systems.
         Starting Availability of block devices...
[[0;32m  OK  [0m] Reached target Cloud-config availability.
[[0;32m  OK  [0m] Reached target System Initialization.
[[0;32m  OK  [0m] Listening on Open-iSCSI iscsid Socket.
[[0;32m  OK  [0m] Listening on ACPID Listen Socket.
[[0;32m  OK  [0m] Started Daily Cleanup of Temporary Directories.
[[0;32m  OK  [0m] Started Ubuntu Advantage Timer for running repeated jobs.
         Starting Socket activation for snappy daemon.
[[0;32m  OK  [0m] Listening on cloud-init hotplug hook socket.
         Starting LXD - unix socket.
[[0;32m  OK  [0m] Started ACPI Events Check.
[[0;32m  OK  [0m] Reached target Paths.
[[0;32m  OK  [0m] Started Message of the Day.
[[0;32m  OK  [0m] Listening on D-Bus System Message Bus Socket.
[[0;32m  OK  [0m] Listening on UUID daemon activation socket.
[[0;32m  OK  [0m] Started Daily apt download activities.
[[0;32m  OK  [0m] Started Daily apt upgrade and clean activities.
[[0;32m  OK  [0m] Started Discard unused blocks once a week.
[[0;32m  OK  [0m] Reached target Timers.
[[0;32m  OK  [0m] Started Availability of block devices.
[[0;32m  OK  [0m] Listening on Socket activation for snappy daemon.
[[0;32m  OK  [0m] Listening on LXD - unix socket.
[[0;32m  OK  [0m] Reached target Sockets.
[[0;32m  OK  [0m] Reached target Basic System.
[[0;32m  OK  [0m] Started Deferred execution scheduler.
         Starting Dispatcher daemon for systemd-networkd...
         Starting Accounts Service...
         Starting System Logging Service...
         Starting Snap Daemon...
[[0;32m  OK  [0m] Started irqbalance daemon.
[[0;32m  OK  [0m] Reached target Login Prompts (Pre).
[[0;32m  OK  [0m] Started D-Bus System Message Bus.
         Starting Permit User Sessions...
         Starting Login Service...
[[0;32m  OK  [0m] Started FUSE filesystem for LXC.
[[0;32m  OK  [0m] Started Regular background program processing daemon.
         Starting LXD - container startup/shutdown...
         Starting LSB: Record successful boot for GRUB...
         Starting Virtualbox guest utils...
         Starting Pollinate to seed the pseudo random number generator...
         Starting LSB: automatic crash report generation...
[[0;32m  OK  [0m] Started System Logging Service.
[[0;32m  OK  [0m] Started Permit User Sessions.
[[0;32m  OK  [0m] Started Login Service.
[[0;32m  OK  [0m] Started Unattended Upgrades Shutdown.
         Starting Authorization Manager...
         Starting Terminate Plymouth Boot Screen...
         Starting Hold until boot process finishes up...
[[0;32m  OK  [0m] Started Hold until boot process finishes up.
         Starting Set console scheme...
[[0;32m  OK  [0m] Started Serial Getty on ttyS0.
[[0;32m  OK  [0m] Started Terminate Plymouth Boot Screen.
[[0;32m  OK  [0m] Started Authorization Manager.
[[0;32m  OK  [0m] Started Accounts Service.
[[0;32m  OK  [0m] Started Set console scheme.
[[0;32m  OK  [0m] Created slice system-getty.slice.
[[0;32m  OK  [0m] Started Getty on tty1.
[[0;32m  OK  [0m] Reached target Login Prompts.
[[0;32m  OK  [0m] Started Dispatcher daemon for systemd-networkd.
[[0;32m  OK  [0m] Started LXD - container startup/shutdown.
[[0;32m  OK  [0m] Started LSB: automatic crash report generation.
[[0;32m  OK  [0m] Started LSB: Record successful boot for GRUB.
[[0;32m  OK  [0m] Started Virtualbox guest utils.
[[0;32m  OK  [0m] Started Snap Daemon.
         Starting Wait until snapd is fully seeded...
         Starting Time & Date Service...
[[0;32m  OK  [0m] Started Time & Date Service.
[[0;32m  OK  [0m] Started Pollinate to seed the pseudo random number generator.
         Starting OpenBSD Secure Shell server...
[[0;32m  OK  [0m] Started OpenBSD Secure Shell server.
[[0;32m  OK  [0m] Created slice User Slice of vagrant.
         Starting User Manager for UID 1000...
[[0;32m  OK  [0m] Started Session 1 of user vagrant.
[[0;32m  OK  [0m] Started User Manager for UID 1000.
[[0;32m  OK  [0m] Started Wait until snapd is fully seeded.
         Starting Apply the settings specified in cloud-config...
[   16.626606] cloud-init[1245]: Cloud-init v. 23.1.1-0ubuntu0~18.04.1 running 'modules:config' at Sat, 06 May 2023 10:46:09 +0000. Up 15.58 seconds.
[[0;32m  OK  [0m] Started Apply the settings specified in cloud-config.
[[0;32m  OK  [0m] Reached target Multi-User System.
         Starting Execute cloud user/final scripts...
[[0;32m  OK  [0m] Reached target Graphical Interface.
         Starting Update UTMP about System Runlevel Changes...
[[0;32m  OK  [0m] Started Update UTMP about System Runlevel Changes.

Ubuntu 18.04.6 LTS ubuntu-bionic ttyS0

ubuntu-bionic login: ci-info: no authorized SSH keys fingerprints found for user ubuntu.
<14>May  6 10:46:11 cloud-init: #############################################################
<14>May  6 10:46:11 cloud-init: -----BEGIN SSH HOST KEY FINGERPRINTS-----
<14>May  6 10:46:11 cloud-init: 1024 SHA256:8LznyoauW8PTKW3AzPabvA47rlzcubMFVt7peSQURLc root@ubuntu-bionic (DSA)
<14>May  6 10:46:11 cloud-init: 256 SHA256:5Fh46wz46YjtMplz7GYbcT0QOxsLWQHLt5SDjewyf1I root@ubuntu-bionic (ECDSA)
<14>May  6 10:46:11 cloud-init: 256 SHA256:nd2yfrd1W8fH108gtsnEsesilfZuYxrSmNvFKo7WfJo root@ubuntu-bionic (ED25519)
<14>May  6 10:46:11 cloud-init: 2048 SHA256:ykCZwIsbRYyDXuoBlbAw/9RP/QDqQ4jcZWtuj7E7cmY root@ubuntu-bionic (RSA)
<14>May  6 10:46:11 cloud-init: -----END SSH HOST KEY FINGERPRINTS-----
<14>May  6 10:46:11 cloud-init: #############################################################
-----BEGIN SSH HOST KEY KEYS-----
ecdsa-sha2-nistp256 AAAAE2VjZHNhLXNoYTItbmlzdHAyNTYAAAAIbmlzdHAyNTYAAABBBHJmTIwo5Jn+QMhqi8zpIIqFK/XoNuUYc39OtBOMo1YDFytcfMAU6dJzoUqm2Iepyg9ttY37uTwVY7OObEehn90= root@ubuntu-bionic
ssh-ed25519 AAAAC3NzaC1lZDI1NTE5AAAAIDC9t9Rhec/NcghkksLkoVjUJFJPYTBRGbjLBJeBDPtk root@ubuntu-bionic
ssh-rsa AAAAB3NzaC1yc2EAAAADAQABAAABAQDurXw1uV2UWL019PlGBvm9s0lIpy3gld+BsD76DvC1pbsNwLl2CQMhtRKSTp9Kq5xe+qAJUieLFUSEYWC4W+Dg1FE3WgeSIQa+d0JDe+fglehxqQ6X/e4mfzE5JdnuhEEhlqej/CUNh3DDhIep72hVqQa8DVEp7o8aALVceeqrvzFusRx2tjgRmAtrC0i7N6ADW00OcGAyO0gVFY7glXVpq+qCOHONt4yNbaUG+YPCf7lx8D2PQRZz0T0rRQOVe6S3BO4gQEVfjg69emojbiFkbgiJ0JN+lfCxWkFvhBP6BpzQsIkao0SfMVgT/Pxm28YgdO6wM3ZMVtWT/iFI/phh root@ubuntu-bionic
-----END SSH HOST KEY KEYS-----
[   18.204732] cloud-init[1363]: Cloud-init v. 23.1.1-0ubuntu0~18.04.1 running 'modules:final' at Sat, 06 May 2023 10:46:11 +0000. Up 17.88 seconds.
[   18.208691] cloud-init[1363]: Cloud-init v. 23.1.1-0ubuntu0~18.04.1 finished at Sat, 06 May 2023 10:46:11 +0000. Datasource DataSourceNoCloud [seed=/dev/sdb][dsmode=net].  Up 18.18 seconds
